<?xml version="1.0" encoding="utf-8" ?>
<!DOCTYPE html PUBLIC "-//W3C//DTD XHTML 1.0 Strict//EN"
        "http://www.w3.org/TR/xhtml1/DTD/xhtml1-strict.dtd">
<html xmlns="http://www.w3.org/1999/xhtml" xml:lang="" lang="">
<head>
  <title>Test Results Report - Smoke Test</title>
  <meta http-equiv="Content-Type" content="text/html;charset=utf-8" />
  <meta name="description" content="TestNG unit test results." />
  <link href="reportng.css" rel="stylesheet" type="text/css" />
    <script type="text/javascript" src="reportng.js"></script>
</head>
<body>
<h1>Smoke Test</h1>
<p>
  Test duration: 148.223s
</p>



  <table class="resultsTable">
    <tr><th colspan="3" class="header failed">Failed Tests</th></tr>
          <tr>
        <td colspan="3" class="group">com.tutorialsninja.demo.testsuite.AccountLoginPageTest</td>
      </tr>
            
<tr>
  <td class="method">
                  verifyThatUserShouldLoginAndLogoutSuccessfully
      </td>
  <td class="duration">
    44.156s
  </td>
  <td class="result">
        
    
            <div class="testOutput">
                        click On My QAccount Tab&nbsp; [[ChromeDriver: chrome on windows (0bf71489c43fce9feed62a91111bdcc1)] -&gt; xpath: //span[contains(text(),&apos;My Account&apos;)]]<br />
                                Enter EmailId [[ChromeDriver: chrome on windows (0bf71489c43fce9feed62a91111bdcc1)] -&gt; id: input-email]<br />
                                Enter Password [[ChromeDriver: chrome on windows (0bf71489c43fce9feed62a91111bdcc1)] -&gt; id: input-email]<br />
                                Click on login Button [[ChromeDriver: chrome on windows (0bf71489c43fce9feed62a91111bdcc1)] -&gt; id: input-email]<br />
                                click On My QAccount Tab&nbsp; [[ChromeDriver: chrome on windows (0bf71489c43fce9feed62a91111bdcc1)] -&gt; xpath: //span[contains(text(),&apos;My Account&apos;)]]<br />
                                get Account Logout Text&nbsp; Proxy element for: DefaultElementLocator &apos;By.xpath: //h1[contains(text(),&apos;Account Logout&apos;)]&apos;<br />
                  </div>
    

        <a href="javascript:toggleElement('exception-0', 'block')" title="Click to expand/collapse"><b>org.openqa.selenium.NoSuchElementException: no such element: Unable to locate element: {&quot;method&quot;:&quot;xpath&quot;,&quot;selector&quot;:&quot;//h1[contains(text(),&apos;Account Logout&apos;)]&quot;}<br/>
&nbsp; (Session info: chrome=114.0.5735.199)<br/>
For documentation on this error, please visit: https://www.selenium.dev/documentation/webdriver/troubleshooting/errors#no-such-element-exception<br/>
Build info: version: &apos;4.10.0&apos;, revision: &apos;c14d967899&apos;<br/>
System info: os.name: &apos;Windows 10&apos;, os.arch: &apos;amd64&apos;, os.version: &apos;10.0&apos;, java.version: &apos;1.8.0_121&apos;<br/>
Driver info: org.openqa.selenium.chrome.ChromeDriver<br/>
Command: [0bf71489c43fce9feed62a91111bdcc1, findElement {using=xpath, value=//h1[contains(text(),&apos;Account Logout&apos;)]}]<br/>
Capabilities {acceptInsecureCerts: false, browserName: chrome, browserVersion: 114.0.5735.199, chrome: {chromedriverVersion: 114.0.5735.90 (386bc09e8f4f..., userDataDir: C:\Users\kb_di\AppData\Loca...}, goog:chromeOptions: {debuggerAddress: localhost:55809}, networkConnectionEnabled: false, pageLoadStrategy: normal, platformName: windows, proxy: Proxy(), se:cdp: ws://localhost:55809/devtoo..., se:cdpVersion: 114.0.5735.199, setWindowRect: true, strictFileInteractability: false, timeouts: {implicit: 0, pageLoad: 300000, script: 30000}, unhandledPromptBehavior: dismiss and notify, webauthn:extension:credBlob: true, webauthn:extension:largeBlob: true, webauthn:extension:minPinLength: true, webauthn:extension:prf: true, webauthn:virtualAuthenticators: true}<br/>
Session ID: 0bf71489c43fce9feed62a91111bdcc1</b></a><br />
    <div class="stackTrace" id="exception-0">
              sun.reflect.NativeConstructorAccessorImpl.newInstance0(Native Method)<br />
              sun.reflect.NativeConstructorAccessorImpl.newInstance(NativeConstructorAccessorImpl.java:62)<br />
              sun.reflect.DelegatingConstructorAccessorImpl.newInstance(DelegatingConstructorAccessorImpl.java:45)<br />
              java.lang.reflect.Constructor.newInstance(Constructor.java:423)<br />
              org.openqa.selenium.remote.codec.w3c.W3CHttpResponseCodec.createException(W3CHttpResponseCodec.java:199)<br />
              org.openqa.selenium.remote.codec.w3c.W3CHttpResponseCodec.decode(W3CHttpResponseCodec.java:132)<br />
              org.openqa.selenium.remote.codec.w3c.W3CHttpResponseCodec.decode(W3CHttpResponseCodec.java:51)<br />
              org.openqa.selenium.remote.HttpCommandExecutor.execute(HttpCommandExecutor.java:191)<br />
              org.openqa.selenium.remote.service.DriverCommandExecutor.invokeExecute(DriverCommandExecutor.java:196)<br />
              org.openqa.selenium.remote.service.DriverCommandExecutor.execute(DriverCommandExecutor.java:171)<br />
              org.openqa.selenium.remote.RemoteWebDriver.execute(RemoteWebDriver.java:531)<br />
              org.openqa.selenium.remote.ElementLocation$ElementFinder$2.findElement(ElementLocation.java:165)<br />
              org.openqa.selenium.remote.ElementLocation.findElement(ElementLocation.java:59)<br />
              org.openqa.selenium.remote.RemoteWebDriver.findElement(RemoteWebDriver.java:350)<br />
              org.openqa.selenium.remote.RemoteWebDriver.findElement(RemoteWebDriver.java:344)<br />
              org.openqa.selenium.support.pagefactory.DefaultElementLocator.findElement(DefaultElementLocator.java:68)<br />
              org.openqa.selenium.support.pagefactory.internal.LocatingElementHandler.invoke(LocatingElementHandler.java:38)<br />
              com.sun.proxy.$Proxy16.getText(Unknown Source)<br />
              com.tutorialsninja.demo.utilities.Utility.getTextFromElement(Utility.java:79)<br />
              com.tutorialsninja.demo.pages.MyAccountPage.getAccountLogoutText(MyAccountPage.java:21)<br />
              com.tutorialsninja.demo.testsuite.AccountLoginPageTest.verifyThatUserShouldLoginAndLogoutSuccessfully(AccountLoginPageTest.java:44)<br />
              sun.reflect.NativeMethodAccessorImpl.invoke0(Native Method)<br />
              sun.reflect.NativeMethodAccessorImpl.invoke(NativeMethodAccessorImpl.java:62)<br />
              sun.reflect.DelegatingMethodAccessorImpl.invoke(DelegatingMethodAccessorImpl.java:43)<br />
              java.lang.reflect.Method.invoke(Method.java:498)<br />
              org.testng.internal.invokers.MethodInvocationHelper.invokeMethod(MethodInvocationHelper.java:135)<br />
              org.testng.internal.invokers.TestInvoker.invokeMethod(TestInvoker.java:673)<br />
              org.testng.internal.invokers.TestInvoker.invokeTestMethod(TestInvoker.java:220)<br />
              org.testng.internal.invokers.MethodRunner.runInSequence(MethodRunner.java:50)<br />
              org.testng.internal.invokers.TestInvoker$MethodInvocationAgent.invoke(TestInvoker.java:945)<br />
              org.testng.internal.invokers.TestInvoker.invokeTestMethods(TestInvoker.java:193)<br />
              org.testng.internal.invokers.TestMethodWorker.invokeTestMethods(TestMethodWorker.java:146)<br />
              org.testng.internal.invokers.TestMethodWorker.run(TestMethodWorker.java:128)<br />
              java.util.ArrayList.forEach(ArrayList.java:1249)<br />
              org.testng.TestRunner.privateRun(TestRunner.java:808)<br />
              org.testng.TestRunner.run(TestRunner.java:603)<br />
              org.testng.SuiteRunner.runTest(SuiteRunner.java:429)<br />
              org.testng.SuiteRunner.runSequentially(SuiteRunner.java:423)<br />
              org.testng.SuiteRunner.privateRun(SuiteRunner.java:383)<br />
              org.testng.SuiteRunner.run(SuiteRunner.java:326)<br />
              org.testng.SuiteRunnerWorker.runSuite(SuiteRunnerWorker.java:52)<br />
              org.testng.SuiteRunnerWorker.run(SuiteRunnerWorker.java:95)<br />
              org.testng.TestNG.runSuitesSequentially(TestNG.java:1249)<br />
              org.testng.TestNG.runSuitesLocally(TestNG.java:1169)<br />
              org.testng.TestNG.runSuites(TestNG.java:1092)<br />
              org.testng.TestNG.run(TestNG.java:1060)<br />
              com.intellij.rt.testng.IDEARemoteTestNG.run(IDEARemoteTestNG.java:66)<br />
              com.intellij.rt.testng.RemoteTestNGStarter.main(RemoteTestNGStarter.java:105)<br />
                </div>
      </td>
</tr>
          <tr>
        <td colspan="3" class="group">com.tutorialsninja.demo.testsuite.AccountRegisterPageTest</td>
      </tr>
            
<tr>
  <td class="method">
                  verifyThatUserShouldLoginAndLogoutSuccessfully
      </td>
  <td class="duration">
    65.117s
  </td>
  <td class="result">
        
    
            <div class="testOutput">
                        click On My QAccount Tab&nbsp; [[ChromeDriver: chrome on windows (83f142a4fcbc27a708efe0aedbc0b6b6)] -&gt; xpath: //span[contains(text(),&apos;My Account&apos;)]]<br />
                                Enter First name [[ChromeDriver: chrome on windows (83f142a4fcbc27a708efe0aedbc0b6b6)] -&gt; id: input-firstname]<br />
                                Enter last name [[ChromeDriver: chrome on windows (83f142a4fcbc27a708efe0aedbc0b6b6)] -&gt; id: input-lastname]<br />
                                Enter Email&nbsp; [[ChromeDriver: chrome on windows (83f142a4fcbc27a708efe0aedbc0b6b6)] -&gt; id: input-email]<br />
                                Enter telephone&nbsp; [[ChromeDriver: chrome on windows (83f142a4fcbc27a708efe0aedbc0b6b6)] -&gt; id: input-telephone]<br />
                                Enter password&nbsp; [[ChromeDriver: chrome on windows (83f142a4fcbc27a708efe0aedbc0b6b6)] -&gt; id: input-password]<br />
                                Enter Confirm password&nbsp; [[ChromeDriver: chrome on windows (83f142a4fcbc27a708efe0aedbc0b6b6)] -&gt; id: input-password]<br />
                                select Subscription&nbsp; By.xpath: //fieldset[3]//input<br />
                                click On Privacy Policy CheckBox&nbsp; By.xpath: //fieldset[3]//input<br />
                                click On Continue Button&nbsp; [[ChromeDriver: chrome on windows (83f142a4fcbc27a708efe0aedbc0b6b6)] -&gt; xpath: //div[@class = &apos;buttons&apos;]//input[@value=&apos;Continue&apos;]]<br />
                                get Your Account Has Been Created Text&nbsp; Proxy element for: DefaultElementLocator &apos;By.xpath: //h1[contains(text(),&apos;Your Account Has Been Created!&apos;)]&apos;<br />
                  </div>
    

        <a href="javascript:toggleElement('exception-1', 'block')" title="Click to expand/collapse"><b>org.openqa.selenium.NoSuchElementException: no such element: Unable to locate element: {&quot;method&quot;:&quot;xpath&quot;,&quot;selector&quot;:&quot;//h1[contains(text(),&apos;Your Account Has Been Created!&apos;)]&quot;}<br/>
&nbsp; (Session info: chrome=114.0.5735.199)<br/>
For documentation on this error, please visit: https://www.selenium.dev/documentation/webdriver/troubleshooting/errors#no-such-element-exception<br/>
Build info: version: &apos;4.10.0&apos;, revision: &apos;c14d967899&apos;<br/>
System info: os.name: &apos;Windows 10&apos;, os.arch: &apos;amd64&apos;, os.version: &apos;10.0&apos;, java.version: &apos;1.8.0_121&apos;<br/>
Driver info: org.openqa.selenium.chrome.ChromeDriver<br/>
Command: [83f142a4fcbc27a708efe0aedbc0b6b6, findElement {using=xpath, value=//h1[contains(text(),&apos;Your Account Has Been Created!&apos;)]}]<br/>
Capabilities {acceptInsecureCerts: false, browserName: chrome, browserVersion: 114.0.5735.199, chrome: {chromedriverVersion: 114.0.5735.90 (386bc09e8f4f..., userDataDir: C:\Users\kb_di\AppData\Loca...}, goog:chromeOptions: {debuggerAddress: localhost:55850}, networkConnectionEnabled: false, pageLoadStrategy: normal, platformName: windows, proxy: Proxy(), se:cdp: ws://localhost:55850/devtoo..., se:cdpVersion: 114.0.5735.199, setWindowRect: true, strictFileInteractability: false, timeouts: {implicit: 0, pageLoad: 300000, script: 30000}, unhandledPromptBehavior: dismiss and notify, webauthn:extension:credBlob: true, webauthn:extension:largeBlob: true, webauthn:extension:minPinLength: true, webauthn:extension:prf: true, webauthn:virtualAuthenticators: true}<br/>
Session ID: 83f142a4fcbc27a708efe0aedbc0b6b6</b></a><br />
    <div class="stackTrace" id="exception-1">
              sun.reflect.NativeConstructorAccessorImpl.newInstance0(Native Method)<br />
              sun.reflect.NativeConstructorAccessorImpl.newInstance(NativeConstructorAccessorImpl.java:62)<br />
              sun.reflect.DelegatingConstructorAccessorImpl.newInstance(DelegatingConstructorAccessorImpl.java:45)<br />
              java.lang.reflect.Constructor.newInstance(Constructor.java:423)<br />
              org.openqa.selenium.remote.codec.w3c.W3CHttpResponseCodec.createException(W3CHttpResponseCodec.java:199)<br />
              org.openqa.selenium.remote.codec.w3c.W3CHttpResponseCodec.decode(W3CHttpResponseCodec.java:132)<br />
              org.openqa.selenium.remote.codec.w3c.W3CHttpResponseCodec.decode(W3CHttpResponseCodec.java:51)<br />
              org.openqa.selenium.remote.HttpCommandExecutor.execute(HttpCommandExecutor.java:191)<br />
              org.openqa.selenium.remote.service.DriverCommandExecutor.invokeExecute(DriverCommandExecutor.java:196)<br />
              org.openqa.selenium.remote.service.DriverCommandExecutor.execute(DriverCommandExecutor.java:171)<br />
              org.openqa.selenium.remote.RemoteWebDriver.execute(RemoteWebDriver.java:531)<br />
              org.openqa.selenium.remote.ElementLocation$ElementFinder$2.findElement(ElementLocation.java:165)<br />
              org.openqa.selenium.remote.ElementLocation.findElement(ElementLocation.java:59)<br />
              org.openqa.selenium.remote.RemoteWebDriver.findElement(RemoteWebDriver.java:350)<br />
              org.openqa.selenium.remote.RemoteWebDriver.findElement(RemoteWebDriver.java:344)<br />
              org.openqa.selenium.support.pagefactory.DefaultElementLocator.findElement(DefaultElementLocator.java:68)<br />
              org.openqa.selenium.support.pagefactory.internal.LocatingElementHandler.invoke(LocatingElementHandler.java:38)<br />
              com.sun.proxy.$Proxy16.getText(Unknown Source)<br />
              com.tutorialsninja.demo.utilities.Utility.getTextFromElement(Utility.java:79)<br />
              com.tutorialsninja.demo.pages.MyAccountPage.getYourAccountHasBeenCreatedText(MyAccountPage.java:26)<br />
              com.tutorialsninja.demo.testsuite.AccountRegisterPageTest.verifyThatUserShouldLoginAndLogoutSuccessfully(AccountRegisterPageTest.java:48)<br />
              sun.reflect.NativeMethodAccessorImpl.invoke0(Native Method)<br />
              sun.reflect.NativeMethodAccessorImpl.invoke(NativeMethodAccessorImpl.java:62)<br />
              sun.reflect.DelegatingMethodAccessorImpl.invoke(DelegatingMethodAccessorImpl.java:43)<br />
              java.lang.reflect.Method.invoke(Method.java:498)<br />
              org.testng.internal.invokers.MethodInvocationHelper.invokeMethod(MethodInvocationHelper.java:135)<br />
              org.testng.internal.invokers.TestInvoker.invokeMethod(TestInvoker.java:673)<br />
              org.testng.internal.invokers.TestInvoker.invokeTestMethod(TestInvoker.java:220)<br />
              org.testng.internal.invokers.MethodRunner.runInSequence(MethodRunner.java:50)<br />
              org.testng.internal.invokers.TestInvoker$MethodInvocationAgent.invoke(TestInvoker.java:945)<br />
              org.testng.internal.invokers.TestInvoker.invokeTestMethods(TestInvoker.java:193)<br />
              org.testng.internal.invokers.TestMethodWorker.invokeTestMethods(TestMethodWorker.java:146)<br />
              org.testng.internal.invokers.TestMethodWorker.run(TestMethodWorker.java:128)<br />
              java.util.ArrayList.forEach(ArrayList.java:1249)<br />
              org.testng.TestRunner.privateRun(TestRunner.java:808)<br />
              org.testng.TestRunner.run(TestRunner.java:603)<br />
              org.testng.SuiteRunner.runTest(SuiteRunner.java:429)<br />
              org.testng.SuiteRunner.runSequentially(SuiteRunner.java:423)<br />
              org.testng.SuiteRunner.privateRun(SuiteRunner.java:383)<br />
              org.testng.SuiteRunner.run(SuiteRunner.java:326)<br />
              org.testng.SuiteRunnerWorker.runSuite(SuiteRunnerWorker.java:52)<br />
              org.testng.SuiteRunnerWorker.run(SuiteRunnerWorker.java:95)<br />
              org.testng.TestNG.runSuitesSequentially(TestNG.java:1249)<br />
              org.testng.TestNG.runSuitesLocally(TestNG.java:1169)<br />
              org.testng.TestNG.runSuites(TestNG.java:1092)<br />
              org.testng.TestNG.run(TestNG.java:1060)<br />
              com.intellij.rt.testng.IDEARemoteTestNG.run(IDEARemoteTestNG.java:66)<br />
              com.intellij.rt.testng.RemoteTestNGStarter.main(RemoteTestNGStarter.java:105)<br />
                </div>
      </td>
</tr>
      </table>


  <table class="resultsTable">
    <tr><th colspan="3" class="header passed">Passed Tests</th></tr>
          <tr>
        <td colspan="3" class="group">com.tutorialsninja.demo.testsuite.LaptopsAndNotebooksPageTest</td>
      </tr>
            
<tr>
  <td class="method">
                  verifyThatUserPlaceOrderSuccessfully
      </td>
  <td class="duration">
    8.433s
  </td>
  <td class="result">
        
    
            <div class="testOutput">
                        Select Currency&nbsp; [[ChromeDriver: chrome on windows (b8b5d6d357718ba700230928971642c7)] -&gt; xpath: //span[contains(text(),&apos;Currency&apos;)]]<br />
                                mouseHover On Laptop&nbsp; And Click&nbsp; [[ChromeDriver: chrome on windows (b8b5d6d357718ba700230928971642c7)] -&gt; link text: Laptops &amp; Notebooks]<br />
                                select Menu&nbsp; By.xpath: //nav[@id=&apos;menu&apos;]//ul/li[contains(@class, &apos;open&apos;)]/div/child::*<br />
                                get Product Text&nbsp; [[ChromeDriver: chrome on windows (b8b5d6d357718ba700230928971642c7)] -&gt; xpath: //div[@id = &apos;content&apos;]//h1]<br />
                                Click on add to cart button&nbsp; [[ChromeDriver: chrome on windows (b8b5d6d357718ba700230928971642c7)] -&gt; xpath: //button[@id=&apos;button-cart&apos;]]<br />
                                get Product Added Success Message&nbsp; [[ChromeDriver: chrome on windows (b8b5d6d357718ba700230928971642c7)] -&gt; css selector: body:nth-child(2) div.container:nth-child(4) &gt; div.alert.alert-success.alert-dismissible]<br />
                                click On Shopping Cart LinkI nto Message&nbsp; [[ChromeDriver: chrome on windows (b8b5d6d357718ba700230928971642c7)] -&gt; xpath: //a[normalize-space()=&apos;shopping cart&apos;]]<br />
                                get Shopping Cart Text&nbsp; [[ChromeDriver: chrome on windows (b8b5d6d357718ba700230928971642c7)] -&gt; xpath: //div[@id=&apos;content&apos;]//h1]<br />
                                get ProductName Text&nbsp; [[ChromeDriver: chrome on windows (b8b5d6d357718ba700230928971642c7)] -&gt; xpath: //div[@class = &apos;table-responsive&apos;]/table/tbody/tr/td[2]/a]<br />
                                Change Quantity [[ChromeDriver: chrome on windows (b8b5d6d357718ba700230928971642c7)] -&gt; xpath: //input[contains(@name, &apos;quantity&apos;)]]<br />
                                click On Qty Update Button [[ChromeDriver: chrome on windows (b8b5d6d357718ba700230928971642c7)] -&gt; xpath: //button[contains(@data-original-title, &apos;Update&apos;)]]<br />
                                get Success Modified Message [[ChromeDriver: chrome on windows (b8b5d6d357718ba700230928971642c7)] -&gt; xpath: //div[@id=&apos;checkout-cart&apos;]/div[1]]<br />
                                get Total [[ChromeDriver: chrome on windows (b8b5d6d357718ba700230928971642c7)] -&gt; xpath: //div[@class = &apos;table-responsive&apos;]/table/tbody/tr/td[6]]<br />
                  </div>
    

      </td>
</tr>
          <tr>
        <td colspan="3" class="group">com.tutorialsninja.demo.testsuite.TopMenuTest</td>
      </tr>
            
<tr>
  <td class="method">
                  verifyUserShouldNavigateToLaptopsAndNotebooksPageSuccessfully
      </td>
  <td class="duration">
    2.943s
  </td>
  <td class="result">
        
    
            <div class="testOutput">
                        mouseHover On Laptop&nbsp; And Click&nbsp; [[ChromeDriver: chrome on windows (ce798aed75b2431eb9bb52c6c13b4c66)] -&gt; link text: Laptops &amp; Notebooks]<br />
                                select Menu&nbsp; By.xpath: //nav[@id=&apos;menu&apos;]//ul/li[contains(@class, &apos;open&apos;)]/div/child::*<br />
                  </div>
    

      </td>
</tr>
      </table>
  
</body>
</html>
